<?xml version="1.0" encoding="UTF-8"?>
<testsuite name="SorterTest" tests="7" skipped="0" failures="0" errors="0" timestamp="2021-02-15T17:45:39" hostname="DESKTOP-HHF8D0C" time="0.03">
  <properties/>
  <testcase name="ArrayWithOddLengthTest()" classname="SorterTest" time="0.021"/>
  <testcase name="simpleTest()" classname="SorterTest" time="0.001"/>
  <testcase name="ArrayWithOneElementTest()" classname="SorterTest" time="0.001"/>
  <testcase name="AlreadySortedTest()" classname="SorterTest" time="0.001"/>
  <testcase name="ArrayWithSameElementsTest()" classname="SorterTest" time="0.001"/>
  <testcase name="zeroTest()" classname="SorterTest" time="0.001"/>
  <testcase name="ArrayWithEvenLengthTest()" classname="SorterTest" time="0.0"/>
  <system-out><![CDATA[]]></system-out>
  <system-err><![CDATA[]]></system-err>
</testsuite>
